Post Processor Report
OrCAD FILE: D:\UTENTI\00.LAVORI IN CORSO\METALTRONICA\22-305-0\22-305-0.MAX
Wed May 03 10:56:10 2023

*********************************************************

Output file: D:\UTENTI\00.LAVORI IN CORSO\METALTRONICA\22-305-0\22-305-0.TOP

Aperture totals for D:\UTENTI\00.LAVORI IN CORSO\METALTRONICA\22-305-0\22-305-0.TOP:
---------------------------------------------------------
D10:  0.0380 x 0.0320 RECTANGLE -----      60 Flashes
D11:  0.0320 x 0.0380 RECTANGLE -----      64 Flashes
D12:  0.0905 x 0.0886 RECTANGLE -----       4 Flashes
D13:  0.0510 x 0.1024 RECTANGLE -----       2 Flashes
D14:  0.0197 x 0.0315 RECTANGLE -----      32 Flashes
D15:  0.0501 x 0.0404 RECTANGLE -----       4 Flashes
D16:  0.0404 x 0.0501 RECTANGLE -----       2 Flashes
D17:  0.2756 ROUND  --       0 Draws,       6 Flashes
D18:  0.1220 x 0.0905 RECTANGLE -----       2 Flashes
D19:  0.1200 x 0.0600 RECTANGLE -----      20 Flashes
D20:  0.0512 ROUND  --       0 Draws,       6 Flashes
D21:  0.0866 ROUND  --       0 Draws,       2 Flashes
D22:  0.0669 ROUND  --       0 Draws,      13 Flashes
D23:  0.0787 x 0.0630 OBLONG    -----      54 Flashes
D24:  0.0610 ROUND  --       0 Draws,       9 Flashes
D25:  0.0610 SQUARE --       0 Draws,       1 Flashes
D26:  0.1181 x 0.0787 OBLONG    -----       6 Flashes
D27:  0.0669 SQUARE --       0 Draws,       3 Flashes
D28:  0.0787 ROUND  --       0 Draws,       7 Flashes
D29:  0.0433 ROUND  --       0 Draws,       2 Flashes
D30:  0.0787 SQUARE --       0 Draws,       1 Flashes
D31:  0.0187 ROUND  --       0 Draws,       2 Flashes
D32:  0.0710 x 0.0400 RECTANGLE -----       8 Flashes
D33:  0.0400 x 0.0710 RECTANGLE -----      52 Flashes
D34:  0.0850 x 0.1080 RECTANGLE -----      26 Flashes
D35:  0.0354 x 0.0512 RECTANGLE -----      12 Flashes
D36:  0.0512 x 0.0354 RECTANGLE -----      80 Flashes
D37:  0.0315 x 0.0236 RECTANGLE -----      25 Flashes
D38:  0.0512 x 0.0236 RECTANGLE -----       4 Flashes
D39:  0.3701 x 0.4252 RECTANGLE -----       1 Flashes
D40:  0.1811 x 0.0531 RECTANGLE -----       2 Flashes
D41:  0.0800 ROUND  --       0 Draws,       3 Flashes
D42:  0.0276 ROUND  --       0 Draws,      17 Flashes
D43:  0.0394 ROUND  --       0 Draws,       3 Flashes
D44:  0.0050 ROUND  --     126 Draws,       0 Flashes
D45:  0.0100 ROUND  --    2334 Draws,       0 Flashes
D46:  0.0120 ROUND  --     511 Draws,       0 Flashes
D47:  0.0250 ROUND  --     517 Draws,       0 Flashes
D48:  0.0276 ROUND  --       0 Draws,     144 Flashes
D49:  0.0500 ROUND  --      64 Draws,       0 Flashes
D50:  0.0150 ROUND  --      51 Draws,       0 Flashes
D51:  0.0400 ROUND  --       7 Draws,       0 Flashes
D52:  0.0060 ROUND  --      70 Draws,       0 Flashes
---------------------------------------------------------
 43 D-Codes      -----    3680 Draws,     679 Flashes

*********************************************************

Output file: D:\UTENTI\00.LAVORI IN CORSO\METALTRONICA\22-305-0\22-305-0.BOT

Aperture totals for D:\UTENTI\00.LAVORI IN CORSO\METALTRONICA\22-305-0\22-305-0.BOT:
---------------------------------------------------------
D17:  0.2756 ROUND  --       0 Draws,       6 Flashes
D20:  0.0512 ROUND  --       0 Draws,       6 Flashes
D21:  0.0866 ROUND  --       0 Draws,       2 Flashes
D22:  0.0669 ROUND  --       0 Draws,      13 Flashes
D23:  0.0787 x 0.0630 OBLONG    -----      54 Flashes
D24:  0.0610 ROUND  --       0 Draws,       9 Flashes
D25:  0.0610 SQUARE --       0 Draws,       1 Flashes
D26:  0.1181 x 0.0787 OBLONG    -----       6 Flashes
D27:  0.0669 SQUARE --       0 Draws,       3 Flashes
D28:  0.0787 ROUND  --       0 Draws,       7 Flashes
D29:  0.0433 ROUND  --       0 Draws,       2 Flashes
D30:  0.0787 SQUARE --       0 Draws,       1 Flashes
D41:  0.0800 ROUND  --       0 Draws,       3 Flashes
D42:  0.0276 ROUND  --       0 Draws,      17 Flashes
D45:  0.0100 ROUND  --    4245 Draws,       0 Flashes
D46:  0.0120 ROUND  --      88 Draws,       0 Flashes
D47:  0.0250 ROUND  --     129 Draws,       0 Flashes
D48:  0.0276 ROUND  --       0 Draws,     140 Flashes
D49:  0.0500 ROUND  --      44 Draws,       0 Flashes
D50:  0.0150 ROUND  --       1 Draws,       0 Flashes
D51:  0.0400 ROUND  --       3 Draws,       0 Flashes
D52:  0.0060 ROUND  --      21 Draws,       0 Flashes
D53:  0.0276 ROUND  --       0 Draws,       4 Flashes
---------------------------------------------------------
 23 D-Codes      -----    4531 Draws,     274 Flashes

*********************************************************

Output file: D:\UTENTI\00.LAVORI IN CORSO\METALTRONICA\22-305-0\22-305-0.SMT

Aperture totals for D:\UTENTI\00.LAVORI IN CORSO\METALTRONICA\22-305-0\22-305-0.SMT:
---------------------------------------------------------
D10:  0.0380 x 0.0320 RECTANGLE -----      60 Flashes
D11:  0.0320 x 0.0380 RECTANGLE -----      64 Flashes
D12:  0.0905 x 0.0886 RECTANGLE -----       4 Flashes
D13:  0.0510 x 0.1024 RECTANGLE -----       2 Flashes
D14:  0.0197 x 0.0315 RECTANGLE -----      32 Flashes
D15:  0.0501 x 0.0404 RECTANGLE -----       4 Flashes
D16:  0.0404 x 0.0501 RECTANGLE -----       2 Flashes
D17:  0.2756 ROUND  --       0 Draws,       6 Flashes
D18:  0.1220 x 0.0905 RECTANGLE -----       2 Flashes
D19:  0.1200 x 0.0600 RECTANGLE -----      20 Flashes
D21:  0.0866 ROUND  --       0 Draws,       2 Flashes
D22:  0.0669 ROUND  --       0 Draws,      13 Flashes
D23:  0.0787 x 0.0630 OBLONG    -----      54 Flashes
D24:  0.0610 ROUND  --       0 Draws,       9 Flashes
D25:  0.0610 SQUARE --       0 Draws,       1 Flashes
D26:  0.1181 x 0.0787 OBLONG    -----       6 Flashes
D27:  0.0669 SQUARE --       0 Draws,       3 Flashes
D28:  0.0787 ROUND  --       0 Draws,       7 Flashes
D30:  0.0787 SQUARE --       0 Draws,       1 Flashes
D32:  0.0710 x 0.0400 RECTANGLE -----       8 Flashes
D33:  0.0400 x 0.0710 RECTANGLE -----      52 Flashes
D34:  0.0850 x 0.1080 RECTANGLE -----      26 Flashes
D35:  0.0354 x 0.0512 RECTANGLE -----      12 Flashes
D36:  0.0512 x 0.0354 RECTANGLE -----      80 Flashes
D37:  0.0315 x 0.0236 RECTANGLE -----      25 Flashes
D38:  0.0512 x 0.0236 RECTANGLE -----       4 Flashes
D39:  0.3701 x 0.4252 RECTANGLE -----       1 Flashes
D40:  0.1811 x 0.0531 RECTANGLE -----       2 Flashes
D41:  0.0800 ROUND  --       0 Draws,       3 Flashes
D44:  0.0050 ROUND  --     160 Draws,       0 Flashes
D54:  0.0590 ROUND  --       0 Draws,       3 Flashes
---------------------------------------------------------
 31 D-Codes      -----     160 Draws,     508 Flashes

*********************************************************

Output file: D:\UTENTI\00.LAVORI IN CORSO\METALTRONICA\22-305-0\22-305-0.SMB

Aperture totals for D:\UTENTI\00.LAVORI IN CORSO\METALTRONICA\22-305-0\22-305-0.SMB:
---------------------------------------------------------
D17:  0.2756 ROUND  --       0 Draws,       6 Flashes
D21:  0.0866 ROUND  --       0 Draws,       2 Flashes
D22:  0.0669 ROUND  --       0 Draws,      11 Flashes
D23:  0.0787 x 0.0630 OBLONG    -----      54 Flashes
D24:  0.0610 ROUND  --       0 Draws,       9 Flashes
D25:  0.0610 SQUARE --       0 Draws,       1 Flashes
D26:  0.1181 x 0.0787 OBLONG    -----       6 Flashes
D27:  0.0669 SQUARE --       0 Draws,       3 Flashes
D28:  0.0787 ROUND  --       0 Draws,       7 Flashes
D30:  0.0787 SQUARE --       0 Draws,       1 Flashes
D41:  0.0800 ROUND  --       0 Draws,       3 Flashes
D45:  0.0100 ROUND  --     102 Draws,       0 Flashes
D55:  0.0709 ROUND  --       0 Draws,       2 Flashes
---------------------------------------------------------
 13 D-Codes      -----     102 Draws,     105 Flashes

*********************************************************

Output file: D:\UTENTI\00.LAVORI IN CORSO\METALTRONICA\22-305-0\22-305-0.SPT

Aperture totals for D:\UTENTI\00.LAVORI IN CORSO\METALTRONICA\22-305-0\22-305-0.SPT:
---------------------------------------------------------
D10:  0.0380 x 0.0320 RECTANGLE -----      60 Flashes
D11:  0.0320 x 0.0380 RECTANGLE -----      64 Flashes
D12:  0.0905 x 0.0886 RECTANGLE -----       4 Flashes
D13:  0.0510 x 0.1024 RECTANGLE -----       2 Flashes
D14:  0.0197 x 0.0315 RECTANGLE -----      32 Flashes
D15:  0.0501 x 0.0404 RECTANGLE -----       4 Flashes
D16:  0.0404 x 0.0501 RECTANGLE -----       2 Flashes
D18:  0.1220 x 0.0905 RECTANGLE -----       2 Flashes
D19:  0.1200 x 0.0600 RECTANGLE -----      20 Flashes
D32:  0.0710 x 0.0400 RECTANGLE -----       8 Flashes
D33:  0.0400 x 0.0710 RECTANGLE -----      52 Flashes
D34:  0.0850 x 0.1080 RECTANGLE -----      26 Flashes
D35:  0.0354 x 0.0512 RECTANGLE -----      12 Flashes
D36:  0.0512 x 0.0354 RECTANGLE -----      80 Flashes
D37:  0.0315 x 0.0236 RECTANGLE -----      25 Flashes
D38:  0.0512 x 0.0236 RECTANGLE -----       4 Flashes
D44:  0.0050 ROUND  --     160 Draws,       0 Flashes
D56:  0.1772 x 0.0492 RECTANGLE -----       2 Flashes
D57:  0.0039 ROUND  --     408 Draws,       0 Flashes
---------------------------------------------------------
 19 D-Codes      -----     568 Draws,     399 Flashes

*********************************************************

Output file: D:\UTENTI\00.LAVORI IN CORSO\METALTRONICA\22-305-0\22-305-0.SST

Aperture totals for D:\UTENTI\00.LAVORI IN CORSO\METALTRONICA\22-305-0\22-305-0.SST:
---------------------------------------------------------
D44:  0.0050 ROUND  --       4 Draws,       0 Flashes
D45:  0.0100 ROUND  --     207 Draws,       0 Flashes
D52:  0.0060 ROUND  --    6580 Draws,       1 Flashes
D58:  0.0079 ROUND  --     228 Draws,       0 Flashes
D59:  0.0059 ROUND  --     158 Draws,       0 Flashes
D60:  0.0078 ROUND  --      13 Draws,       0 Flashes
---------------------------------------------------------
  6 D-Codes      -----    7190 Draws,       1 Flashes

*********************************************************

Output file: D:\UTENTI\00.LAVORI IN CORSO\METALTRONICA\22-305-0\22-305-0.DRD

Aperture totals for D:\UTENTI\00.LAVORI IN CORSO\METALTRONICA\22-305-0\22-305-0.DRD:
---------------------------------------------------------
D45:  0.0100 ROUND  --    2154 Draws,       0 Flashes
D49:  0.0500 ROUND  --       5 Draws,       0 Flashes
---------------------------------------------------------
  2 D-Codes      -----    2159 Draws,       0 Flashes


*********************************************************

Aperture totals for entire project:
---------------------------------------------------------
D10:  0.0380 x 0.0320 RECTANGLE -----     180 Flashes
D11:  0.0320 x 0.0380 RECTANGLE -----     192 Flashes
D12:  0.0905 x 0.0886 RECTANGLE -----      12 Flashes
D13:  0.0510 x 0.1024 RECTANGLE -----       6 Flashes
D14:  0.0197 x 0.0315 RECTANGLE -----      96 Flashes
D15:  0.0501 x 0.0404 RECTANGLE -----      12 Flashes
D16:  0.0404 x 0.0501 RECTANGLE -----       6 Flashes
D17:  0.2756 ROUND  --       0 Draws,      24 Flashes
D18:  0.1220 x 0.0905 RECTANGLE -----       6 Flashes
D19:  0.1200 x 0.0600 RECTANGLE -----      60 Flashes
D20:  0.0512 ROUND  --       0 Draws,      12 Flashes
D21:  0.0866 ROUND  --       0 Draws,       8 Flashes
D22:  0.0669 ROUND  --       0 Draws,      50 Flashes
D23:  0.0787 x 0.0630 OBLONG    -----     216 Flashes
D24:  0.0610 ROUND  --       0 Draws,      36 Flashes
D25:  0.0610 SQUARE --       0 Draws,       4 Flashes
D26:  0.1181 x 0.0787 OBLONG    -----      24 Flashes
D27:  0.0669 SQUARE --       0 Draws,      12 Flashes
D28:  0.0787 ROUND  --       0 Draws,      28 Flashes
D29:  0.0433 ROUND  --       0 Draws,       4 Flashes
D30:  0.0787 SQUARE --       0 Draws,       4 Flashes
D31:  0.0187 ROUND  --       0 Draws,       2 Flashes
D32:  0.0710 x 0.0400 RECTANGLE -----      24 Flashes
D33:  0.0400 x 0.0710 RECTANGLE -----     156 Flashes
D34:  0.0850 x 0.1080 RECTANGLE -----      78 Flashes
D35:  0.0354 x 0.0512 RECTANGLE -----      36 Flashes
D36:  0.0512 x 0.0354 RECTANGLE -----     240 Flashes
D37:  0.0315 x 0.0236 RECTANGLE -----      75 Flashes
D38:  0.0512 x 0.0236 RECTANGLE -----      12 Flashes
D39:  0.3701 x 0.4252 RECTANGLE -----       2 Flashes
D40:  0.1811 x 0.0531 RECTANGLE -----       4 Flashes
D41:  0.0800 ROUND  --       0 Draws,      12 Flashes
D42:  0.0276 ROUND  --       0 Draws,      34 Flashes
D43:  0.0394 ROUND  --       0 Draws,       3 Flashes
D44:  0.0050 ROUND  --     450 Draws,       0 Flashes
D45:  0.0100 ROUND  --    9042 Draws,       0 Flashes
D46:  0.0120 ROUND  --     599 Draws,       0 Flashes
D47:  0.0250 ROUND  --     646 Draws,       0 Flashes
D48:  0.0276 ROUND  --       0 Draws,     284 Flashes
D49:  0.0500 ROUND  --     113 Draws,       0 Flashes
D50:  0.0150 ROUND  --      52 Draws,       0 Flashes
D51:  0.0400 ROUND  --      10 Draws,       0 Flashes
D52:  0.0060 ROUND  --    6671 Draws,       1 Flashes
D53:  0.0276 ROUND  --       0 Draws,       4 Flashes
D54:  0.0590 ROUND  --       0 Draws,       3 Flashes
D55:  0.0709 ROUND  --       0 Draws,       2 Flashes
D56:  0.1772 x 0.0492 RECTANGLE -----       2 Flashes
D57:  0.0039 ROUND  --     408 Draws,       0 Flashes
D58:  0.0079 ROUND  --     228 Draws,       0 Flashes
D59:  0.0059 ROUND  --     158 Draws,       0 Flashes
D60:  0.0078 ROUND  --      13 Draws,       0 Flashes
---------------------------------------------------------
 51 D-Codes      -----   18390 Draws,    1966 Flashes


No warnings or errors.
